<?xml version="1.0" encoding="UTF-8"?>
<coverage generated="1675541307060" clover="3.2.0">
  <project timestamp="1675541307060" name="All files">
    <metrics statements="134" coveredstatements="128" conditionals="44" coveredconditionals="33" methods="29" coveredmethods="28" elements="207" coveredelements="189" complexity="0" loc="134" ncloc="134" packages="9" files="12" classes="12"/>
    <package name="Tests.Factories">
      <metrics statements="7" coveredstatements="7" conditionals="0" coveredconditionals="0" methods="2" coveredmethods="2"/>
      <file name="Client.ts" path="/home/mateus/Área de Trabalho/Projetos/Back-end/Igma-project/Tests/Factories/Client.ts">
        <metrics statements="4" coveredstatements="4" conditionals="0" coveredconditionals="0" methods="1" coveredmethods="1"/>
        <line num="1" count="1" type="stmt"/>
        <line num="3" count="1" type="stmt"/>
        <line num="5" count="66" type="stmt"/>
        <line num="11" count="66" type="stmt"/>
      </file>
      <file name="Delete.ts" path="/home/mateus/Área de Trabalho/Projetos/Back-end/Igma-project/Tests/Factories/Delete.ts">
        <metrics statements="3" coveredstatements="3" conditionals="0" coveredconditionals="0" methods="1" coveredmethods="1"/>
        <line num="1" count="1" type="stmt"/>
        <line num="4" count="10" type="stmt"/>
        <line num="7" count="1" type="stmt"/>
      </file>
    </package>
    <package name="src">
      <metrics statements="11" coveredstatements="11" conditionals="0" coveredconditionals="0" methods="0" coveredmethods="0"/>
      <file name="Index.ts" path="/home/mateus/Área de Trabalho/Projetos/Back-end/Igma-project/src/Index.ts">
        <metrics statements="11" coveredstatements="11" conditionals="0" coveredconditionals="0" methods="0" coveredmethods="0"/>
        <line num="1" count="1" type="stmt"/>
        <line num="2" count="1" type="stmt"/>
        <line num="3" count="1" type="stmt"/>
        <line num="4" count="1" type="stmt"/>
        <line num="5" count="1" type="stmt"/>
        <line num="7" count="1" type="stmt"/>
        <line num="8" count="1" type="stmt"/>
        <line num="9" count="1" type="stmt"/>
        <line num="11" count="1" type="stmt"/>
        <line num="12" count="1" type="stmt"/>
        <line num="14" count="1" type="stmt"/>
      </file>
    </package>
    <package name="src.Controllers">
      <metrics statements="12" coveredstatements="12" conditionals="2" coveredconditionals="2" methods="4" coveredmethods="4"/>
      <file name="ClientController.ts" path="/home/mateus/Área de Trabalho/Projetos/Back-end/Igma-project/src/Controllers/ClientController.ts">
        <metrics statements="12" coveredstatements="12" conditionals="2" coveredconditionals="2" methods="4" coveredmethods="4"/>
        <line num="2" count="1" type="stmt"/>
        <line num="4" count="1" type="stmt"/>
        <line num="5" count="1" type="stmt"/>
        <line num="12" count="66" type="stmt"/>
        <line num="14" count="66" type="stmt"/>
        <line num="16" count="63" type="stmt"/>
        <line num="20" count="2" type="stmt"/>
        <line num="22" count="2" type="stmt"/>
        <line num="24" count="1" type="stmt"/>
        <line num="28" count="4" type="cond" truecount="2" falsecount="0"/>
        <line num="30" count="4" type="stmt"/>
        <line num="35" count="3" type="stmt"/>
      </file>
    </package>
    <package name="src.Database">
      <metrics statements="4" coveredstatements="4" conditionals="0" coveredconditionals="0" methods="0" coveredmethods="0"/>
      <file name="prisma.ts" path="/home/mateus/Área de Trabalho/Projetos/Back-end/Igma-project/src/Database/prisma.ts">
        <metrics statements="4" coveredstatements="4" conditionals="0" coveredconditionals="0" methods="0" coveredmethods="0"/>
        <line num="1" count="1" type="stmt"/>
        <line num="2" count="1" type="stmt"/>
        <line num="3" count="1" type="stmt"/>
        <line num="4" count="1" type="stmt"/>
      </file>
    </package>
    <package name="src.Middlewares">
      <metrics statements="6" coveredstatements="5" conditionals="1" coveredconditionals="1" methods="1" coveredmethods="1"/>
      <file name="ErrorHandler.ts" path="/home/mateus/Área de Trabalho/Projetos/Back-end/Igma-project/src/Middlewares/ErrorHandler.ts">
        <metrics statements="6" coveredstatements="5" conditionals="1" coveredconditionals="1" methods="1" coveredmethods="1"/>
        <line num="3" count="1" type="stmt"/>
        <line num="5" count="1" type="stmt"/>
        <line num="11" count="5" type="stmt"/>
        <line num="13" count="5" type="cond" truecount="1" falsecount="0"/>
        <line num="14" count="5" type="stmt"/>
        <line num="17" count="0" type="stmt"/>
      </file>
    </package>
    <package name="src.Repositories">
      <metrics statements="6" coveredstatements="6" conditionals="0" coveredconditionals="0" methods="3" coveredmethods="3"/>
      <file name="ClientRepoitory.ts" path="/home/mateus/Área de Trabalho/Projetos/Back-end/Igma-project/src/Repositories/ClientRepoitory.ts">
        <metrics statements="6" coveredstatements="6" conditionals="0" coveredconditionals="0" methods="3" coveredmethods="3"/>
        <line num="1" count="1" type="stmt"/>
        <line num="3" count="1" type="stmt"/>
        <line num="5" count="63" type="stmt"/>
        <line num="8" count="63" type="stmt"/>
        <line num="14" count="67" type="stmt"/>
        <line num="20" count="3" type="stmt"/>
      </file>
    </package>
    <package name="src.Routes">
      <metrics statements="13" coveredstatements="13" conditionals="0" coveredconditionals="0" methods="3" coveredmethods="3"/>
      <file name="Client.ts" path="/home/mateus/Área de Trabalho/Projetos/Back-end/Igma-project/src/Routes/Client.ts">
        <metrics statements="8" coveredstatements="8" conditionals="0" coveredconditionals="0" methods="3" coveredmethods="3"/>
        <line num="1" count="1" type="stmt"/>
        <line num="2" count="1" type="stmt"/>
        <line num="4" count="1" type="stmt"/>
        <line num="6" count="1" type="stmt"/>
        <line num="8" count="66" type="stmt"/>
        <line num="9" count="2" type="stmt"/>
        <line num="10" count="4" type="stmt"/>
        <line num="12" count="1" type="stmt"/>
      </file>
      <file name="Index.ts" path="/home/mateus/Área de Trabalho/Projetos/Back-end/Igma-project/src/Routes/Index.ts">
        <metrics statements="5" coveredstatements="5" conditionals="0" coveredconditionals="0" methods="0" coveredmethods="0"/>
        <line num="1" count="1" type="stmt"/>
        <line num="2" count="1" type="stmt"/>
        <line num="4" count="1" type="stmt"/>
        <line num="6" count="1" type="stmt"/>
        <line num="8" count="1" type="stmt"/>
      </file>
    </package>
    <package name="src.Services">
      <metrics statements="59" coveredstatements="56" conditionals="21" coveredconditionals="18" methods="10" coveredmethods="10"/>
      <file name="CPFService.ts" path="/home/mateus/Área de Trabalho/Projetos/Back-end/Igma-project/src/Services/CPFService.ts">
        <metrics statements="35" coveredstatements="32" conditionals="16" coveredconditionals="13" methods="4" coveredmethods="4"/>
        <line num="1" count="1" type="stmt"/>
        <line num="3" count="1" type="stmt"/>
        <line num="7" count="68" type="cond" truecount="1" falsecount="0"/>
        <line num="12" count="2" type="stmt"/>
        <line num="17" count="68" type="stmt"/>
        <line num="18" count="68" type="stmt"/>
        <line num="22" count="68" type="stmt"/>
        <line num="23" count="607" type="stmt"/>
        <line num="26" count="68" type="stmt"/>
        <line num="27" count="68" type="stmt"/>
        <line num="29" count="68" type="cond" truecount="2" falsecount="0"/>
        <line num="31" count="12" type="cond" truecount="0" falsecount="1"/>
        <line num="32" count="0" type="stmt"/>
        <line num="35" count="56" type="cond" truecount="1" falsecount="0"/>
        <line num="36" count="1" type="stmt"/>
        <line num="40" count="67" type="stmt"/>
        <line num="44" count="67" type="stmt"/>
        <line num="45" count="67" type="stmt"/>
        <line num="49" count="67" type="stmt"/>
        <line num="50" count="670" type="stmt"/>
        <line num="53" count="67" type="stmt"/>
        <line num="54" count="67" type="stmt"/>
        <line num="56" count="67" type="cond" truecount="2" falsecount="0"/>
        <line num="57" count="14" type="cond" truecount="0" falsecount="1"/>
        <line num="58" count="0" type="stmt"/>
        <line num="61" count="53" type="cond" truecount="0" falsecount="1"/>
        <line num="62" count="0" type="stmt"/>
        <line num="66" count="67" type="stmt"/>
        <line num="70" count="67" type="stmt"/>
        <line num="71" count="67" type="stmt"/>
        <line num="72" count="670" type="stmt"/>
        <line num="73" count="670" type="cond" truecount="1" falsecount="0"/>
        <line num="75" count="67" type="cond" truecount="3" falsecount="0"/>
        <line num="76" count="1" type="stmt"/>
        <line num="79" count="66" type="stmt"/>
      </file>
      <file name="ClientService.ts" path="/home/mateus/Área de Trabalho/Projetos/Back-end/Igma-project/src/Services/ClientService.ts">
        <metrics statements="24" coveredstatements="24" conditionals="5" coveredconditionals="5" methods="6" coveredmethods="6"/>
        <line num="1" count="1" type="stmt"/>
        <line num="2" count="1" type="stmt"/>
        <line num="7" count="1" type="stmt"/>
        <line num="9" count="1" type="stmt"/>
        <line num="10" count="1" type="stmt"/>
        <line num="14" count="66" type="stmt"/>
        <line num="17" count="66" type="stmt"/>
        <line num="20" count="64" type="stmt"/>
        <line num="22" count="63" type="stmt"/>
        <line num="27" count="2" type="stmt"/>
        <line num="30" count="2" type="stmt"/>
        <line num="33" count="2" type="stmt"/>
        <line num="35" count="1" type="stmt"/>
        <line num="39" count="4" type="cond" truecount="3" falsecount="0"/>
        <line num="40" count="1" type="stmt"/>
        <line num="44" count="3" type="stmt"/>
        <line num="46" count="3" type="stmt"/>
        <line num="47" count="3" type="stmt"/>
        <line num="51" count="64" type="stmt"/>
        <line num="52" count="64" type="cond" truecount="1" falsecount="0"/>
        <line num="53" count="1" type="stmt"/>
        <line num="58" count="2" type="stmt"/>
        <line num="59" count="2" type="cond" truecount="1" falsecount="0"/>
        <line num="60" count="1" type="stmt"/>
      </file>
    </package>
    <package name="src.Utils">
      <metrics statements="16" coveredstatements="14" conditionals="20" coveredconditionals="12" methods="6" coveredmethods="5"/>
      <file name="ErrorUtils.ts" path="/home/mateus/Área de Trabalho/Projetos/Back-end/Igma-project/src/Utils/ErrorUtils.ts">
        <metrics statements="16" coveredstatements="14" conditionals="20" coveredconditionals="12" methods="6" coveredmethods="5"/>
        <line num="3" count="1" type="stmt"/>
        <line num="4" count="5" type="stmt"/>
        <line num="7" count="1" type="stmt"/>
        <line num="8" count="5" type="cond" truecount="1" falsecount="0"/>
        <line num="9" count="4" type="cond" truecount="1" falsecount="0"/>
        <line num="10" count="3" type="cond" truecount="0" falsecount="1"/>
        <line num="11" count="3" type="cond" truecount="1" falsecount="0"/>
        <line num="12" count="0" type="stmt"/>
        <line num="15" count="1" type="stmt"/>
        <line num="16" count="1" type="cond" truecount="3" falsecount="1"/>
        <line num="19" count="1" type="stmt"/>
        <line num="20" count="1" type="cond" truecount="3" falsecount="1"/>
        <line num="23" count="1" type="stmt"/>
        <line num="24" count="0" type="cond" truecount="0" falsecount="4"/>
        <line num="27" count="1" type="stmt"/>
        <line num="28" count="3" type="cond" truecount="3" falsecount="1"/>
      </file>
    </package>
  </project>
</coverage>
