{"/home/mateus/Área de Trabalho/Projetos/Back-end/Igma-project/Tests/Factories/Client.ts": {"path":"/home/mateus/Área de Trabalho/Projetos/Back-end/Igma-project/Tests/Factories/Client.ts","statementMap":{"0":{"start":{"line":1,"column":0},"end":{"line":1,"column":31}},"1":{"start":{"line":5,"column":15},"end":{"line":9,"column":4}},"2":{"start":{"line":11,"column":2},"end":{"line":11,"column":14}},"3":{"start":{"line":3,"column":0},"end":{"line":3,"column":13}}},"fnMap":{"0":{"name":"(anonymous_1)","decl":{"start":{"line":4,"column":1},"end":{"line":4,"column":13}},"loc":{"start":{"line":4,"column":13},"end":{"line":12,"column":2}}}},"branchMap":{},"s":{"0":1,"1":66,"2":66,"3":1},"f":{"0":66},"b":{}}
,"/home/mateus/Área de Trabalho/Projetos/Back-end/Igma-project/Tests/Factories/Delete.ts": {"path":"/home/mateus/Área de Trabalho/Projetos/Back-end/Igma-project/Tests/Factories/Delete.ts","statementMap":{"0":{"start":{"line":1,"column":0},"end":{"line":1,"column":47}},"1":{"start":{"line":4,"column":1},"end":{"line":4,"column":58}},"2":{"start":{"line":7,"column":13},"end":{"line":9,"column":2}}},"fnMap":{"0":{"name":"deleteAllData","decl":{"start":{"line":3,"column":15},"end":{"line":3,"column":28}},"loc":{"start":{"line":3,"column":28},"end":{"line":5,"column":null}}}},"branchMap":{},"s":{"0":1,"1":10,"2":1},"f":{"0":10},"b":{}}
,"/home/mateus/Área de Trabalho/Projetos/Back-end/Igma-project/src/Index.ts": {"path":"/home/mateus/Área de Trabalho/Projetos/Back-end/Igma-project/src/Index.ts","statementMap":{"0":{"start":{"line":1,"column":0},"end":{"line":1,"column":30}},"1":{"start":{"line":2,"column":0},"end":{"line":2,"column":24}},"2":{"start":{"line":3,"column":0},"end":{"line":3,"column":30}},"3":{"start":{"line":4,"column":0},"end":{"line":4,"column":36}},"4":{"start":{"line":5,"column":0},"end":{"line":5,"column":68}},"5":{"start":{"line":7,"column":15},"end":{"line":7,"column":24}},"6":{"start":{"line":8,"column":0},"end":{"line":8,"column":27}},"7":{"start":{"line":9,"column":0},"end":{"line":9,"column":19}},"8":{"start":{"line":11,"column":0},"end":{"line":11,"column":19}},"9":{"start":{"line":12,"column":0},"end":{"line":12,"column":35}},"10":{"start":{"line":14,"column":0},"end":{"line":14,"column":22}}},"fnMap":{},"branchMap":{},"s":{"0":1,"1":1,"2":1,"3":1,"4":1,"5":1,"6":1,"7":1,"8":1,"9":1,"10":1},"f":{},"b":{}}
,"/home/mateus/Área de Trabalho/Projetos/Back-end/Igma-project/src/Controllers/ClientController.ts": {"path":"/home/mateus/Área de Trabalho/Projetos/Back-end/Igma-project/src/Controllers/ClientController.ts","statementMap":{"0":{"start":{"line":2,"column":0},"end":{"line":2,"column":58}},"1":{"start":{"line":5,"column":9},"end":{"line":5,"column":45}},"2":{"start":{"line":12,"column":55},"end":{"line":12,"column":63}},"3":{"start":{"line":14,"column":2},"end":{"line":14,"column":61}},"4":{"start":{"line":16,"column":2},"end":{"line":16,"column":55}},"5":{"start":{"line":20,"column":35},"end":{"line":20,"column":43}},"6":{"start":{"line":22,"column":17},"end":{"line":22,"column":56}},"7":{"start":{"line":24,"column":2},"end":{"line":24,"column":38}},"8":{"start":{"line":28,"column":35},"end":{"line":28,"column":44}},"9":{"start":{"line":30,"column":18},"end":{"line":32,"column":null}},"10":{"start":{"line":35,"column":2},"end":{"line":35,"column":39}},"11":{"start":{"line":4,"column":0},"end":{"line":4,"column":13}}},"fnMap":{"0":{"name":"(anonymous_7)","decl":{"start":{"line":4,"column":0},"end":{"line":4,"column":13}},"loc":{"start":{"line":4,"column":0},"end":{"line":37,"column":1}}},"1":{"name":"(anonymous_8)","decl":{"start":{"line":7,"column":7},"end":{"line":7,"column":13}},"loc":{"start":{"line":7,"column":41},"end":{"line":17,"column":null}}},"2":{"name":"(anonymous_10)","decl":{"start":{"line":19,"column":7},"end":{"line":19,"column":21}},"loc":{"start":{"line":19,"column":49},"end":{"line":25,"column":null}}},"3":{"name":"(anonymous_12)","decl":{"start":{"line":27,"column":7},"end":{"line":27,"column":20}},"loc":{"start":{"line":27,"column":48},"end":{"line":36,"column":null}}}},"branchMap":{"0":{"loc":{"start":{"line":28,"column":10},"end":{"line":28,"column":18}},"type":"default-arg","locations":[{"start":{"line":28,"column":17},"end":{"line":28,"column":18}}]},"1":{"loc":{"start":{"line":28,"column":20},"end":{"line":28,"column":30}},"type":"default-arg","locations":[{"start":{"line":28,"column":28},"end":{"line":28,"column":30}}]}},"s":{"0":1,"1":1,"2":66,"3":66,"4":63,"5":2,"6":2,"7":1,"8":4,"9":4,"10":3,"11":1},"f":{"0":1,"1":66,"2":2,"3":4},"b":{"0":[1],"1":[2]}}
,"/home/mateus/Área de Trabalho/Projetos/Back-end/Igma-project/src/Database/prisma.ts": {"path":"/home/mateus/Área de Trabalho/Projetos/Back-end/Igma-project/src/Database/prisma.ts","statementMap":{"0":{"start":{"line":1,"column":0},"end":{"line":1,"column":33}},"1":{"start":{"line":2,"column":25},"end":{"line":2,"column":28}},"2":{"start":{"line":3,"column":15},"end":{"line":3,"column":33}},"3":{"start":{"line":4,"column":0},"end":{"line":4,"column":22}}},"fnMap":{},"branchMap":{},"s":{"0":1,"1":1,"2":1,"3":1},"f":{},"b":{}}
,"/home/mateus/Área de Trabalho/Projetos/Back-end/Igma-project/src/Middlewares/ErrorHandler.ts": {"path":"/home/mateus/Área de Trabalho/Projetos/Back-end/Igma-project/src/Middlewares/ErrorHandler.ts","statementMap":{"0":{"start":{"line":3,"column":0},"end":{"line":3,"column":72}},"1":{"start":{"line":11,"column":1},"end":{"line":11,"column":18}},"2":{"start":{"line":13,"column":1},"end":{"line":15,"column":null}},"3":{"start":{"line":14,"column":2},"end":{"line":14,"column":71}},"4":{"start":{"line":17,"column":1},"end":{"line":17,"column":28}},"5":{"start":{"line":5,"column":0},"end":{"line":5,"column":16}}},"fnMap":{"0":{"name":"errorHandlerMiddleware","decl":{"start":{"line":5,"column":16},"end":{"line":5,"column":38}},"loc":{"start":{"line":9,"column":19},"end":{"line":18,"column":1}}}},"branchMap":{"0":{"loc":{"start":{"line":13,"column":1},"end":{"line":15,"column":null}},"type":"if","locations":[{"start":{"line":13,"column":1},"end":{"line":15,"column":null}}]}},"s":{"0":1,"1":5,"2":5,"3":5,"4":0,"5":1},"f":{"0":5},"b":{"0":[5]}}
,"/home/mateus/Área de Trabalho/Projetos/Back-end/Igma-project/src/Repositories/ClientRepoitory.ts": {"path":"/home/mateus/Área de Trabalho/Projetos/Back-end/Igma-project/src/Repositories/ClientRepoitory.ts","statementMap":{"0":{"start":{"line":1,"column":0},"end":{"line":1,"column":40}},"1":{"start":{"line":5,"column":25},"end":{"line":6,"column":null}},"2":{"start":{"line":8,"column":2},"end":{"line":10,"column":5}},"3":{"start":{"line":14,"column":2},"end":{"line":16,"column":5}},"4":{"start":{"line":20,"column":2},"end":{"line":23,"column":5}},"5":{"start":{"line":3,"column":0},"end":{"line":3,"column":13}}},"fnMap":{"0":{"name":"(anonymous_8)","decl":{"start":{"line":4,"column":7},"end":{"line":4,"column":13}},"loc":{"start":{"line":4,"column":57},"end":{"line":11,"column":null}}},"1":{"name":"(anonymous_10)","decl":{"start":{"line":13,"column":7},"end":{"line":13,"column":18}},"loc":{"start":{"line":13,"column":30},"end":{"line":17,"column":null}}},"2":{"name":"(anonymous_12)","decl":{"start":{"line":19,"column":7},"end":{"line":19,"column":17}},"loc":{"start":{"line":19,"column":48},"end":{"line":24,"column":null}}}},"branchMap":{},"s":{"0":1,"1":63,"2":63,"3":67,"4":3,"5":1},"f":{"0":63,"1":67,"2":3},"b":{}}
,"/home/mateus/Área de Trabalho/Projetos/Back-end/Igma-project/src/Routes/Client.ts": {"path":"/home/mateus/Área de Trabalho/Projetos/Back-end/Igma-project/src/Routes/Client.ts","statementMap":{"0":{"start":{"line":1,"column":0},"end":{"line":1,"column":33}},"1":{"start":{"line":2,"column":0},"end":{"line":2,"column":67}},"2":{"start":{"line":4,"column":21},"end":{"line":4,"column":29}},"3":{"start":{"line":6,"column":15},"end":{"line":6,"column":37}},"4":{"start":{"line":8,"column":0},"end":{"line":8,"column":68}},"5":{"start":{"line":8,"column":43},"end":{"line":8,"column":66}},"6":{"start":{"line":9,"column":0},"end":{"line":9,"column":75}},"7":{"start":{"line":9,"column":42},"end":{"line":9,"column":73}},"8":{"start":{"line":10,"column":0},"end":{"line":10,"column":75}},"9":{"start":{"line":10,"column":43},"end":{"line":10,"column":73}},"10":{"start":{"line":12,"column":0},"end":{"line":12,"column":28}}},"fnMap":{"0":{"name":"(anonymous_0)","decl":{"start":{"line":8,"column":29},"end":{"line":8,"column":30}},"loc":{"start":{"line":8,"column":43},"end":{"line":8,"column":66}}},"1":{"name":"(anonymous_1)","decl":{"start":{"line":9,"column":28},"end":{"line":9,"column":29}},"loc":{"start":{"line":9,"column":42},"end":{"line":9,"column":73}}},"2":{"name":"(anonymous_2)","decl":{"start":{"line":10,"column":29},"end":{"line":10,"column":30}},"loc":{"start":{"line":10,"column":43},"end":{"line":10,"column":73}}}},"branchMap":{},"s":{"0":1,"1":1,"2":1,"3":1,"4":1,"5":66,"6":1,"7":2,"8":1,"9":4,"10":1},"f":{"0":66,"1":2,"2":4},"b":{}}
,"/home/mateus/Área de Trabalho/Projetos/Back-end/Igma-project/src/Routes/Index.ts": {"path":"/home/mateus/Área de Trabalho/Projetos/Back-end/Igma-project/src/Routes/Index.ts","statementMap":{"0":{"start":{"line":1,"column":0},"end":{"line":1,"column":33}},"1":{"start":{"line":2,"column":0},"end":{"line":2,"column":36}},"2":{"start":{"line":4,"column":15},"end":{"line":4,"column":23}},"3":{"start":{"line":6,"column":0},"end":{"line":6,"column":25}},"4":{"start":{"line":8,"column":0},"end":{"line":8,"column":22}}},"fnMap":{},"branchMap":{},"s":{"0":1,"1":1,"2":1,"3":1,"4":1},"f":{},"b":{}}
,"/home/mateus/Área de Trabalho/Projetos/Back-end/Igma-project/src/Services/CPFService.ts": {"path":"/home/mateus/Área de Trabalho/Projetos/Back-end/Igma-project/src/Services/CPFService.ts","statementMap":{"0":{"start":{"line":1,"column":0},"end":{"line":1,"column":55}},"1":{"start":{"line":7,"column":2},"end":{"line":13,"column":null}},"2":{"start":{"line":12,"column":3},"end":{"line":12,"column":49}},"3":{"start":{"line":17,"column":17},"end":{"line":17,"column":18}},"4":{"start":{"line":18,"column":32},"end":{"line":19,"column":null}},"5":{"start":{"line":22,"column":2},"end":{"line":24,"column":null}},"6":{"start":{"line":22,"column":15},"end":{"line":22,"column":36}},"7":{"start":{"line":23,"column":3},"end":{"line":23,"column":75}},"8":{"start":{"line":26,"column":21},"end":{"line":26,"column":41}},"9":{"start":{"line":28,"column":2},"end":{"line":37,"column":null}},"10":{"start":{"line":30,"column":3},"end":{"line":32,"column":null}},"11":{"start":{"line":31,"column":4},"end":{"line":31,"column":17}},"12":{"start":{"line":34,"column":3},"end":{"line":36,"column":null}},"13":{"start":{"line":35,"column":4},"end":{"line":35,"column":17}},"14":{"start":{"line":39,"column":2},"end":{"line":39,"column":14}},"15":{"start":{"line":43,"column":18},"end":{"line":43,"column":19}},"16":{"start":{"line":44,"column":33},"end":{"line":45,"column":null}},"17":{"start":{"line":48,"column":2},"end":{"line":50,"column":null}},"18":{"start":{"line":48,"column":15},"end":{"line":48,"column":36}},"19":{"start":{"line":49,"column":3},"end":{"line":49,"column":70}},"20":{"start":{"line":52,"column":22},"end":{"line":52,"column":43}},"21":{"start":{"line":54,"column":2},"end":{"line":62,"column":null}},"22":{"start":{"line":55,"column":3},"end":{"line":57,"column":null}},"23":{"start":{"line":56,"column":4},"end":{"line":56,"column":17}},"24":{"start":{"line":59,"column":3},"end":{"line":61,"column":null}},"25":{"start":{"line":60,"column":4},"end":{"line":60,"column":17}},"26":{"start":{"line":64,"column":2},"end":{"line":64,"column":14}},"27":{"start":{"line":68,"column":31},"end":{"line":68,"column":35}},"28":{"start":{"line":69,"column":2},"end":{"line":72,"column":null}},"29":{"start":{"line":69,"column":15},"end":{"line":69,"column":40}},"30":{"start":{"line":70,"column":25},"end":{"line":70,"column":42}},"31":{"start":{"line":71,"column":3},"end":{"line":71,"column":66}},"32":{"start":{"line":71,"column":44},"end":{"line":71,"column":66}},"33":{"start":{"line":73,"column":2},"end":{"line":75,"column":null}},"34":{"start":{"line":74,"column":3},"end":{"line":74,"column":16}},"35":{"start":{"line":77,"column":2},"end":{"line":77,"column":14}},"36":{"start":{"line":3,"column":0},"end":{"line":3,"column":13}}},"fnMap":{"0":{"name":"(anonymous_0)","decl":{"start":{"line":6,"column":1},"end":{"line":6,"column":19}},"loc":{"start":{"line":6,"column":19},"end":{"line":14,"column":2}}},"1":{"name":"(anonymous_1)","decl":{"start":{"line":16,"column":9},"end":{"line":16,"column":33}},"loc":{"start":{"line":16,"column":33},"end":{"line":40,"column":2}}},"2":{"name":"(anonymous_2)","decl":{"start":{"line":42,"column":9},"end":{"line":42,"column":34}},"loc":{"start":{"line":42,"column":34},"end":{"line":65,"column":2}}},"3":{"name":"(anonymous_3)","decl":{"start":{"line":67,"column":9},"end":{"line":67,"column":31}},"loc":{"start":{"line":67,"column":31},"end":{"line":78,"column":2}}}},"branchMap":{"0":{"loc":{"start":{"line":7,"column":2},"end":{"line":13,"column":null}},"type":"if","locations":[{"start":{"line":7,"column":2},"end":{"line":13,"column":null}}]},"1":{"loc":{"start":{"line":8,"column":3},"end":{"line":10,"column":33}},"type":"binary-expr","locations":[{"start":{"line":8,"column":3},"end":{"line":8,"column":35}},{"start":{"line":9,"column":3},"end":{"line":9,"column":36}},{"start":{"line":10,"column":3},"end":{"line":10,"column":33}}]},"2":{"loc":{"start":{"line":28,"column":2},"end":{"line":37,"column":null}},"type":"if","locations":[{"start":{"line":28,"column":2},"end":{"line":37,"column":null}},{"start":{"line":33,"column":9},"end":{"line":37,"column":null}}]},"3":{"loc":{"start":{"line":30,"column":3},"end":{"line":32,"column":null}},"type":"if","locations":[{"start":{"line":30,"column":3},"end":{"line":32,"column":null}}]},"4":{"loc":{"start":{"line":34,"column":3},"end":{"line":36,"column":null}},"type":"if","locations":[{"start":{"line":34,"column":3},"end":{"line":36,"column":null}}]},"5":{"loc":{"start":{"line":54,"column":2},"end":{"line":62,"column":null}},"type":"if","locations":[{"start":{"line":54,"column":2},"end":{"line":62,"column":null}},{"start":{"line":58,"column":9},"end":{"line":62,"column":null}}]},"6":{"loc":{"start":{"line":55,"column":3},"end":{"line":57,"column":null}},"type":"if","locations":[{"start":{"line":55,"column":3},"end":{"line":57,"column":null}}]},"7":{"loc":{"start":{"line":59,"column":3},"end":{"line":61,"column":null}},"type":"if","locations":[{"start":{"line":59,"column":3},"end":{"line":61,"column":null}}]},"8":{"loc":{"start":{"line":71,"column":3},"end":{"line":71,"column":66}},"type":"if","locations":[{"start":{"line":71,"column":3},"end":{"line":71,"column":66}}]},"9":{"loc":{"start":{"line":73,"column":2},"end":{"line":75,"column":null}},"type":"if","locations":[{"start":{"line":73,"column":2},"end":{"line":75,"column":null}}]},"10":{"loc":{"start":{"line":73,"column":6},"end":{"line":73,"column":51}},"type":"binary-expr","locations":[{"start":{"line":73,"column":6},"end":{"line":73,"column":34}},{"start":{"line":73,"column":38},"end":{"line":73,"column":51}}]}},"s":{"0":1,"1":68,"2":2,"3":68,"4":68,"5":68,"6":68,"7":607,"8":68,"9":68,"10":8,"11":0,"12":60,"13":1,"14":67,"15":67,"16":67,"17":67,"18":67,"19":670,"20":67,"21":67,"22":10,"23":0,"24":57,"25":0,"26":67,"27":67,"28":67,"29":67,"30":670,"31":670,"32":595,"33":67,"34":1,"35":66,"36":1},"f":{"0":68,"1":68,"2":67,"3":67},"b":{"0":[2],"1":[68,67,67],"2":[8,60],"3":[0],"4":[1],"5":[10,57],"6":[0],"7":[0],"8":[595],"9":[1],"10":[67,67]}}
,"/home/mateus/Área de Trabalho/Projetos/Back-end/Igma-project/src/Services/ClientService.ts": {"path":"/home/mateus/Área de Trabalho/Projetos/Back-end/Igma-project/src/Services/ClientService.ts","statementMap":{"0":{"start":{"line":1,"column":0},"end":{"line":1,"column":67}},"1":{"start":{"line":2,"column":0},"end":{"line":2,"column":null}},"2":{"start":{"line":7,"column":0},"end":{"line":7,"column":44}},"3":{"start":{"line":10,"column":9},"end":{"line":10,"column":51}},"4":{"start":{"line":14,"column":2},"end":{"line":14,"column":45}},"5":{"start":{"line":17,"column":2},"end":{"line":17,"column":28}},"6":{"start":{"line":20,"column":2},"end":{"line":20,"column":30}},"7":{"start":{"line":22,"column":2},"end":{"line":22,"column":77}},"8":{"start":{"line":27,"column":2},"end":{"line":27,"column":45}},"9":{"start":{"line":30,"column":2},"end":{"line":30,"column":28}},"10":{"start":{"line":33,"column":2},"end":{"line":33,"column":33}},"11":{"start":{"line":35,"column":2},"end":{"line":35,"column":59}},"12":{"start":{"line":39,"column":2},"end":{"line":41,"column":null}},"13":{"start":{"line":40,"column":3},"end":{"line":40,"column":62}},"14":{"start":{"line":44,"column":18},"end":{"line":44,"column":36}},"15":{"start":{"line":46,"column":18},"end":{"line":46,"column":66}},"16":{"start":{"line":47,"column":2},"end":{"line":47,"column":17}},"17":{"start":{"line":51,"column":22},"end":{"line":51,"column":77}},"18":{"start":{"line":52,"column":2},"end":{"line":54,"column":null}},"19":{"start":{"line":53,"column":3},"end":{"line":53,"column":63}},"20":{"start":{"line":58,"column":22},"end":{"line":58,"column":77}},"21":{"start":{"line":59,"column":2},"end":{"line":61,"column":null}},"22":{"start":{"line":60,"column":3},"end":{"line":60,"column":49}},"23":{"start":{"line":9,"column":0},"end":{"line":9,"column":13}}},"fnMap":{"0":{"name":"(anonymous_7)","decl":{"start":{"line":9,"column":0},"end":{"line":9,"column":13}},"loc":{"start":{"line":9,"column":0},"end":{"line":63,"column":1}}},"1":{"name":"(anonymous_8)","decl":{"start":{"line":12,"column":7},"end":{"line":12,"column":19}},"loc":{"start":{"line":12,"column":64},"end":{"line":23,"column":null}}},"2":{"name":"(anonymous_10)","decl":{"start":{"line":25,"column":7},"end":{"line":25,"column":16}},"loc":{"start":{"line":25,"column":28},"end":{"line":36,"column":null}}},"3":{"name":"(anonymous_12)","decl":{"start":{"line":38,"column":7},"end":{"line":38,"column":20}},"loc":{"start":{"line":38,"column":48},"end":{"line":48,"column":null}}},"4":{"name":"(anonymous_14)","decl":{"start":{"line":50,"column":7},"end":{"line":50,"column":21}},"loc":{"start":{"line":50,"column":21},"end":{"line":55,"column":null}}},"5":{"name":"(anonymous_16)","decl":{"start":{"line":57,"column":7},"end":{"line":57,"column":24}},"loc":{"start":{"line":57,"column":24},"end":{"line":62,"column":null}}}},"branchMap":{"0":{"loc":{"start":{"line":39,"column":2},"end":{"line":41,"column":null}},"type":"if","locations":[{"start":{"line":39,"column":2},"end":{"line":41,"column":null}}]},"1":{"loc":{"start":{"line":39,"column":6},"end":{"line":39,"column":27}},"type":"binary-expr","locations":[{"start":{"line":39,"column":6},"end":{"line":39,"column":14}},{"start":{"line":39,"column":18},"end":{"line":39,"column":27}}]},"2":{"loc":{"start":{"line":52,"column":2},"end":{"line":54,"column":null}},"type":"if","locations":[{"start":{"line":52,"column":2},"end":{"line":54,"column":null}}]},"3":{"loc":{"start":{"line":59,"column":2},"end":{"line":61,"column":null}},"type":"if","locations":[{"start":{"line":59,"column":2},"end":{"line":61,"column":null}}]}},"s":{"0":1,"1":1,"2":1,"3":1,"4":66,"5":66,"6":64,"7":63,"8":2,"9":2,"10":2,"11":1,"12":4,"13":1,"14":3,"15":3,"16":3,"17":64,"18":64,"19":1,"20":2,"21":2,"22":1,"23":1},"f":{"0":1,"1":66,"2":2,"3":4,"4":64,"5":2},"b":{"0":[1],"1":[4,3],"2":[1],"3":[1]}}
,"/home/mateus/Área de Trabalho/Projetos/Back-end/Igma-project/src/Utils/ErrorUtils.ts": {"path":"/home/mateus/Área de Trabalho/Projetos/Back-end/Igma-project/src/Utils/ErrorUtils.ts","statementMap":{"0":{"start":{"line":4,"column":1},"end":{"line":4,"column":47}},"1":{"start":{"line":3,"column":0},"end":{"line":3,"column":16}},"2":{"start":{"line":8,"column":1},"end":{"line":8,"column":37}},"3":{"start":{"line":8,"column":26},"end":{"line":8,"column":37}},"4":{"start":{"line":9,"column":1},"end":{"line":9,"column":38}},"5":{"start":{"line":9,"column":27},"end":{"line":9,"column":38}},"6":{"start":{"line":10,"column":1},"end":{"line":10,"column":41}},"7":{"start":{"line":10,"column":30},"end":{"line":10,"column":41}},"8":{"start":{"line":11,"column":1},"end":{"line":11,"column":41}},"9":{"start":{"line":11,"column":30},"end":{"line":11,"column":41}},"10":{"start":{"line":12,"column":1},"end":{"line":12,"column":12}},"11":{"start":{"line":7,"column":0},"end":{"line":7,"column":16}},"12":{"start":{"line":16,"column":1},"end":{"line":16,"column":53}},"13":{"start":{"line":15,"column":0},"end":{"line":15,"column":16}},"14":{"start":{"line":20,"column":1},"end":{"line":20,"column":54}},"15":{"start":{"line":19,"column":0},"end":{"line":19,"column":16}},"16":{"start":{"line":24,"column":1},"end":{"line":24,"column":57}},"17":{"start":{"line":23,"column":0},"end":{"line":23,"column":16}},"18":{"start":{"line":28,"column":1},"end":{"line":28,"column":57}},"19":{"start":{"line":27,"column":0},"end":{"line":27,"column":16}}},"fnMap":{"0":{"name":"isAppError","decl":{"start":{"line":3,"column":16},"end":{"line":3,"column":26}},"loc":{"start":{"line":3,"column":40},"end":{"line":5,"column":1}}},"1":{"name":"errorTypeToStatusCode","decl":{"start":{"line":7,"column":16},"end":{"line":7,"column":37}},"loc":{"start":{"line":7,"column":57},"end":{"line":13,"column":1}}},"2":{"name":"conflictError","decl":{"start":{"line":15,"column":16},"end":{"line":15,"column":29}},"loc":{"start":{"line":15,"column":46},"end":{"line":17,"column":1}}},"3":{"name":"notFoundError","decl":{"start":{"line":19,"column":16},"end":{"line":19,"column":29}},"loc":{"start":{"line":19,"column":46},"end":{"line":21,"column":1}}},"4":{"name":"unauthorizedError","decl":{"start":{"line":23,"column":16},"end":{"line":23,"column":33}},"loc":{"start":{"line":23,"column":50},"end":{"line":25,"column":1}}},"5":{"name":"wrongSchemaError","decl":{"start":{"line":27,"column":16},"end":{"line":27,"column":32}},"loc":{"start":{"line":27,"column":49},"end":{"line":29,"column":1}}}},"branchMap":{"0":{"loc":{"start":{"line":8,"column":1},"end":{"line":8,"column":37}},"type":"if","locations":[{"start":{"line":8,"column":1},"end":{"line":8,"column":37}}]},"1":{"loc":{"start":{"line":9,"column":1},"end":{"line":9,"column":38}},"type":"if","locations":[{"start":{"line":9,"column":1},"end":{"line":9,"column":38}}]},"2":{"loc":{"start":{"line":10,"column":1},"end":{"line":10,"column":41}},"type":"if","locations":[{"start":{"line":10,"column":1},"end":{"line":10,"column":41}}]},"3":{"loc":{"start":{"line":11,"column":1},"end":{"line":11,"column":41}},"type":"if","locations":[{"start":{"line":11,"column":1},"end":{"line":11,"column":41}}]},"4":{"loc":{"start":{"line":16,"column":37},"end":{"line":16,"column":50}},"type":"cond-expr","locations":[{"start":{"line":16,"column":37},"end":{"line":16,"column":44}},{"start":{"line":16,"column":48},"end":{"line":16,"column":50}}]},"5":{"loc":{"start":{"line":16,"column":37},"end":{"line":16,"column":48}},"type":"binary-expr","locations":[{"start":{"line":16,"column":37},"end":{"line":16,"column":48}},{"start":{"line":16,"column":37},"end":{"line":16,"column":48}}]},"6":{"loc":{"start":{"line":20,"column":38},"end":{"line":20,"column":51}},"type":"cond-expr","locations":[{"start":{"line":20,"column":38},"end":{"line":20,"column":45}},{"start":{"line":20,"column":49},"end":{"line":20,"column":51}}]},"7":{"loc":{"start":{"line":20,"column":38},"end":{"line":20,"column":49}},"type":"binary-expr","locations":[{"start":{"line":20,"column":38},"end":{"line":20,"column":49}},{"start":{"line":20,"column":38},"end":{"line":20,"column":49}}]},"8":{"loc":{"start":{"line":24,"column":41},"end":{"line":24,"column":54}},"type":"cond-expr","locations":[{"start":{"line":24,"column":41},"end":{"line":24,"column":48}},{"start":{"line":24,"column":52},"end":{"line":24,"column":54}}]},"9":{"loc":{"start":{"line":24,"column":41},"end":{"line":24,"column":52}},"type":"binary-expr","locations":[{"start":{"line":24,"column":41},"end":{"line":24,"column":52}},{"start":{"line":24,"column":41},"end":{"line":24,"column":52}}]},"10":{"loc":{"start":{"line":28,"column":41},"end":{"line":28,"column":54}},"type":"cond-expr","locations":[{"start":{"line":28,"column":41},"end":{"line":28,"column":48}},{"start":{"line":28,"column":52},"end":{"line":28,"column":54}}]},"11":{"loc":{"start":{"line":28,"column":41},"end":{"line":28,"column":52}},"type":"binary-expr","locations":[{"start":{"line":28,"column":41},"end":{"line":28,"column":52}},{"start":{"line":28,"column":41},"end":{"line":28,"column":52}}]}},"s":{"0":5,"1":1,"2":5,"3":1,"4":4,"5":1,"6":3,"7":0,"8":3,"9":3,"10":0,"11":1,"12":1,"13":1,"14":1,"15":1,"16":0,"17":1,"18":3,"19":1},"f":{"0":5,"1":5,"2":1,"3":1,"4":0,"5":3},"b":{"0":[1],"1":[1],"2":[0],"3":[3],"4":[1,0],"5":[1,1],"6":[1,0],"7":[1,1],"8":[0,0],"9":[0,0],"10":[3,0],"11":[3,3]}}
}
