TN:
SF:Tests/Factories/Client.ts
FN:4,(anonymous_1)
FNF:1
FNH:1
FNDA:82,(anonymous_1)
DA:1,1
DA:3,1
DA:5,82
DA:11,82
LF:4
LH:4
BRF:0
BRH:0
end_of_record
TN:
SF:Tests/Factories/Delete.ts
FN:3,deleteAllData
FNF:1
FNH:1
FNDA:13,deleteAllData
DA:1,1
DA:4,13
DA:7,1
LF:3
LH:3
BRF:0
BRH:0
end_of_record
TN:
SF:src/Index.ts
FNF:0
FNH:0
DA:1,1
DA:2,1
DA:3,1
DA:4,1
DA:5,1
DA:7,1
DA:8,1
DA:9,1
DA:11,1
DA:12,1
DA:14,1
LF:11
LH:11
BRF:0
BRH:0
end_of_record
TN:
SF:src/Controllers/ClientController.ts
FN:4,(anonymous_7)
FN:7,(anonymous_8)
FN:19,(anonymous_10)
FN:27,(anonymous_12)
FNF:4
FNH:4
FNDA:1,(anonymous_7)
FNDA:82,(anonymous_8)
FNDA:3,(anonymous_10)
FNDA:5,(anonymous_12)
DA:2,1
DA:4,1
DA:5,1
DA:12,82
DA:14,82
DA:16,78
DA:20,3
DA:22,3
DA:24,1
DA:28,5
DA:30,5
DA:35,3
LF:12
LH:12
BRDA:28,0,0,1
BRDA:28,1,0,2
BRF:2
BRH:2
end_of_record
TN:
SF:src/Database/prisma.ts
FNF:0
FNH:0
DA:1,1
DA:2,1
DA:3,1
DA:4,1
LF:4
LH:4
BRF:0
BRH:0
end_of_record
TN:
SF:src/Middlewares/ErrorHandler.ts
FN:5,errorHandlerMiddleware
FNF:1
FNH:1
FNDA:8,errorHandlerMiddleware
DA:3,1
DA:5,1
DA:11,8
DA:13,8
DA:14,8
DA:17,0
LF:6
LH:5
BRDA:13,0,0,8
BRF:1
BRH:1
end_of_record
TN:
SF:src/Repositories/ClientRepoitory.ts
FN:4,(anonymous_8)
FN:13,(anonymous_10)
FN:19,(anonymous_12)
FNF:3
FNH:3
FNDA:78,(anonymous_8)
FNDA:82,(anonymous_10)
FNDA:3,(anonymous_12)
DA:1,1
DA:3,1
DA:5,78
DA:8,78
DA:14,82
DA:20,3
LF:6
LH:6
BRF:0
BRH:0
end_of_record
TN:
SF:src/Routes/Client.ts
FN:8,(anonymous_0)
FN:9,(anonymous_1)
FN:10,(anonymous_2)
FNF:3
FNH:3
FNDA:82,(anonymous_0)
FNDA:3,(anonymous_1)
FNDA:5,(anonymous_2)
DA:1,1
DA:2,1
DA:4,1
DA:6,1
DA:8,82
DA:9,3
DA:10,5
DA:12,1
LF:8
LH:8
BRF:0
BRH:0
end_of_record
TN:
SF:src/Routes/Index.ts
FNF:0
FNH:0
DA:1,1
DA:2,1
DA:4,1
DA:6,1
DA:8,1
LF:5
LH:5
BRF:0
BRH:0
end_of_record
TN:
SF:src/Services/CPFService.ts
FN:6,(anonymous_0)
FN:16,(anonymous_1)
FN:43,(anonymous_2)
FN:69,(anonymous_3)
FNF:4
FNH:4
FNDA:83,(anonymous_0)
FNDA:83,(anonymous_1)
FNDA:82,(anonymous_2)
FNDA:82,(anonymous_3)
DA:1,1
DA:3,1
DA:7,83
DA:12,2
DA:17,83
DA:18,83
DA:22,83
DA:23,742
DA:26,83
DA:27,83
DA:29,83
DA:31,15
DA:32,0
DA:35,68
DA:36,1
DA:40,82
DA:44,82
DA:45,82
DA:49,82
DA:50,820
DA:53,82
DA:54,82
DA:56,82
DA:57,19
DA:58,0
DA:61,63
DA:62,0
DA:66,82
DA:70,82
DA:71,82
DA:72,820
DA:73,820
DA:75,82
DA:76,1
DA:79,81
LF:35
LH:32
BRDA:7,0,0,2
BRDA:8,1,0,83
BRDA:8,1,1,82
BRDA:8,1,2,82
BRDA:29,2,0,15
BRDA:29,2,1,68
BRDA:31,3,0,0
BRDA:35,4,0,1
BRDA:56,5,0,19
BRDA:56,5,1,63
BRDA:57,6,0,0
BRDA:61,7,0,0
BRDA:73,8,0,731
BRDA:75,9,0,1
BRDA:75,10,0,82
BRDA:75,10,1,82
BRF:16
BRH:13
end_of_record
TN:
SF:src/Services/ClientService.ts
FN:9,(anonymous_7)
FN:12,(anonymous_8)
FN:29,(anonymous_10)
FN:46,(anonymous_12)
FN:58,(anonymous_14)
FN:65,(anonymous_16)
FNF:6
FNH:6
FNDA:1,(anonymous_7)
FNDA:82,(anonymous_8)
FNDA:3,(anonymous_10)
FNDA:5,(anonymous_12)
FNDA:79,(anonymous_14)
FNDA:2,(anonymous_16)
DA:1,1
DA:2,1
DA:7,1
DA:9,1
DA:10,1
DA:14,82
DA:15,81
DA:17,1
DA:21,81
DA:24,79
DA:26,78
DA:31,3
DA:32,2
DA:34,1
DA:38,2
DA:41,2
DA:43,1
DA:47,5
DA:48,2
DA:52,3
DA:54,3
DA:55,3
DA:59,79
DA:60,79
DA:61,1
DA:66,2
DA:67,2
DA:68,1
LF:28
LH:28
BRDA:14,0,0,81
BRDA:14,0,1,1
BRDA:31,1,0,2
BRDA:31,1,1,1
BRDA:47,2,0,2
BRDA:47,3,0,5
BRDA:47,3,1,4
BRDA:47,3,2,4
BRDA:47,3,3,3
BRDA:60,4,0,1
BRDA:67,5,0,1
BRF:11
BRH:11
end_of_record
TN:
SF:src/Utils/ErrorUtils.ts
FN:3,isAppError
FN:7,errorTypeToStatusCode
FN:15,conflictError
FN:19,notFoundError
FN:23,unauthorizedError
FN:27,wrongSchemaError
FNF:6
FNH:5
FNDA:8,isAppError
FNDA:8,errorTypeToStatusCode
FNDA:1,conflictError
FNDA:1,notFoundError
FNDA:0,unauthorizedError
FNDA:6,wrongSchemaError
DA:3,1
DA:4,8
DA:7,1
DA:8,8
DA:9,7
DA:10,6
DA:11,6
DA:12,0
DA:15,1
DA:16,1
DA:19,1
DA:20,1
DA:23,1
DA:24,0
DA:27,1
DA:28,6
LF:16
LH:14
BRDA:8,0,0,1
BRDA:9,1,0,1
BRDA:10,2,0,0
BRDA:11,3,0,6
BRDA:16,4,0,1
BRDA:16,4,1,0
BRDA:16,5,0,1
BRDA:16,5,1,1
BRDA:20,6,0,1
BRDA:20,6,1,0
BRDA:20,7,0,1
BRDA:20,7,1,1
BRDA:24,8,0,0
BRDA:24,8,1,0
BRDA:24,9,0,0
BRDA:24,9,1,0
BRDA:28,10,0,6
BRDA:28,10,1,0
BRDA:28,11,0,6
BRDA:28,11,1,6
BRF:20
BRH:12
end_of_record
