TN:
SF:Tests/Factories/Client.ts
FN:4,(anonymous_1)
FNF:1
FNH:1
FNDA:66,(anonymous_1)
DA:1,1
DA:3,1
DA:5,66
DA:11,66
LF:4
LH:4
BRF:0
BRH:0
end_of_record
TN:
SF:Tests/Factories/Delete.ts
FN:3,deleteAllData
FNF:1
FNH:1
FNDA:10,deleteAllData
DA:1,1
DA:4,10
DA:7,1
LF:3
LH:3
BRF:0
BRH:0
end_of_record
TN:
SF:src/Index.ts
FNF:0
FNH:0
DA:1,1
DA:2,1
DA:3,1
DA:4,1
DA:5,1
DA:7,1
DA:8,1
DA:9,1
DA:11,1
DA:12,1
DA:14,1
LF:11
LH:11
BRF:0
BRH:0
end_of_record
TN:
SF:src/Controllers/ClientController.ts
FN:4,(anonymous_7)
FN:7,(anonymous_8)
FN:19,(anonymous_10)
FN:27,(anonymous_12)
FNF:4
FNH:4
FNDA:1,(anonymous_7)
FNDA:66,(anonymous_8)
FNDA:2,(anonymous_10)
FNDA:4,(anonymous_12)
DA:2,1
DA:4,1
DA:5,1
DA:12,66
DA:14,66
DA:16,63
DA:20,2
DA:22,2
DA:24,1
DA:28,4
DA:30,4
DA:35,3
LF:12
LH:12
BRDA:28,0,0,1
BRDA:28,1,0,2
BRF:2
BRH:2
end_of_record
TN:
SF:src/Database/prisma.ts
FNF:0
FNH:0
DA:1,1
DA:2,1
DA:3,1
DA:4,1
LF:4
LH:4
BRF:0
BRH:0
end_of_record
TN:
SF:src/Middlewares/ErrorHandler.ts
FN:5,errorHandlerMiddleware
FNF:1
FNH:1
FNDA:5,errorHandlerMiddleware
DA:3,1
DA:5,1
DA:11,5
DA:13,5
DA:14,5
DA:17,0
LF:6
LH:5
BRDA:13,0,0,5
BRF:1
BRH:1
end_of_record
TN:
SF:src/Repositories/ClientRepoitory.ts
FN:4,(anonymous_8)
FN:13,(anonymous_10)
FN:19,(anonymous_12)
FNF:3
FNH:3
FNDA:63,(anonymous_8)
FNDA:67,(anonymous_10)
FNDA:3,(anonymous_12)
DA:1,1
DA:3,1
DA:5,63
DA:8,63
DA:14,67
DA:20,3
LF:6
LH:6
BRF:0
BRH:0
end_of_record
TN:
SF:src/Routes/Client.ts
FN:8,(anonymous_0)
FN:9,(anonymous_1)
FN:10,(anonymous_2)
FNF:3
FNH:3
FNDA:66,(anonymous_0)
FNDA:2,(anonymous_1)
FNDA:4,(anonymous_2)
DA:1,1
DA:2,1
DA:4,1
DA:6,1
DA:8,66
DA:9,2
DA:10,4
DA:12,1
LF:8
LH:8
BRF:0
BRH:0
end_of_record
TN:
SF:src/Routes/Index.ts
FNF:0
FNH:0
DA:1,1
DA:2,1
DA:4,1
DA:6,1
DA:8,1
LF:5
LH:5
BRF:0
BRH:0
end_of_record
TN:
SF:src/Services/CPFService.ts
FN:6,(anonymous_0)
FN:16,(anonymous_1)
FN:42,(anonymous_2)
FN:67,(anonymous_3)
FNF:4
FNH:4
FNDA:68,(anonymous_0)
FNDA:68,(anonymous_1)
FNDA:67,(anonymous_2)
FNDA:67,(anonymous_3)
DA:1,1
DA:3,1
DA:7,68
DA:12,2
DA:17,68
DA:18,68
DA:22,68
DA:23,607
DA:26,68
DA:28,68
DA:30,8
DA:31,0
DA:34,60
DA:35,1
DA:39,67
DA:43,67
DA:44,67
DA:48,67
DA:49,670
DA:52,67
DA:54,67
DA:55,10
DA:56,0
DA:59,57
DA:60,0
DA:64,67
DA:68,67
DA:69,67
DA:70,670
DA:71,670
DA:73,67
DA:74,1
DA:77,66
LF:33
LH:30
BRDA:7,0,0,2
BRDA:8,1,0,68
BRDA:8,1,1,67
BRDA:8,1,2,67
BRDA:28,2,0,8
BRDA:28,2,1,60
BRDA:30,3,0,0
BRDA:34,4,0,1
BRDA:54,5,0,10
BRDA:54,5,1,57
BRDA:55,6,0,0
BRDA:59,7,0,0
BRDA:71,8,0,595
BRDA:73,9,0,1
BRDA:73,10,0,67
BRDA:73,10,1,67
BRF:16
BRH:13
end_of_record
TN:
SF:src/Services/ClientService.ts
FN:9,(anonymous_7)
FN:12,(anonymous_8)
FN:25,(anonymous_10)
FN:38,(anonymous_12)
FN:50,(anonymous_14)
FN:57,(anonymous_16)
FNF:6
FNH:6
FNDA:1,(anonymous_7)
FNDA:66,(anonymous_8)
FNDA:2,(anonymous_10)
FNDA:4,(anonymous_12)
FNDA:64,(anonymous_14)
FNDA:2,(anonymous_16)
DA:1,1
DA:2,1
DA:7,1
DA:9,1
DA:10,1
DA:14,66
DA:17,66
DA:20,64
DA:22,63
DA:27,2
DA:30,2
DA:33,2
DA:35,1
DA:39,4
DA:40,1
DA:44,3
DA:46,3
DA:47,3
DA:51,64
DA:52,64
DA:53,1
DA:58,2
DA:59,2
DA:60,1
LF:24
LH:24
BRDA:39,0,0,1
BRDA:39,1,0,4
BRDA:39,1,1,3
BRDA:52,2,0,1
BRDA:59,3,0,1
BRF:5
BRH:5
end_of_record
TN:
SF:src/Utils/ErrorUtils.ts
FN:3,isAppError
FN:7,errorTypeToStatusCode
FN:15,conflictError
FN:19,notFoundError
FN:23,unauthorizedError
FN:27,wrongSchemaError
FNF:6
FNH:5
FNDA:5,isAppError
FNDA:5,errorTypeToStatusCode
FNDA:1,conflictError
FNDA:1,notFoundError
FNDA:0,unauthorizedError
FNDA:3,wrongSchemaError
DA:3,1
DA:4,5
DA:7,1
DA:8,5
DA:9,4
DA:10,3
DA:11,3
DA:12,0
DA:15,1
DA:16,1
DA:19,1
DA:20,1
DA:23,1
DA:24,0
DA:27,1
DA:28,3
LF:16
LH:14
BRDA:8,0,0,1
BRDA:9,1,0,1
BRDA:10,2,0,0
BRDA:11,3,0,3
BRDA:16,4,0,1
BRDA:16,4,1,0
BRDA:16,5,0,1
BRDA:16,5,1,1
BRDA:20,6,0,1
BRDA:20,6,1,0
BRDA:20,7,0,1
BRDA:20,7,1,1
BRDA:24,8,0,0
BRDA:24,8,1,0
BRDA:24,9,0,0
BRDA:24,9,1,0
BRDA:28,10,0,3
BRDA:28,10,1,0
BRDA:28,11,0,3
BRDA:28,11,1,3
BRF:20
BRH:12
end_of_record
